c:\users\user\source\repos\sorting\sorting\x64\debug\vc143.pdb
c:\users\user\source\repos\sorting\sorting\x64\debug\vc143.idb
c:\users\user\source\repos\sorting\sorting\x64\debug\permutation.obj
c:\users\user\source\repos\sorting\sorting\x64\debug\main.obj
c:\users\user\source\repos\sorting\sorting\x64\debug\insertion.obj
c:\users\user\source\repos\sorting\x64\debug\sorting.pdb
c:\users\user\source\repos\sorting\sorting\x64\debug\sorting.tlog\cl.command.1.tlog
c:\users\user\source\repos\sorting\sorting\x64\debug\sorting.tlog\cl.items.tlog
c:\users\user\source\repos\sorting\sorting\x64\debug\sorting.tlog\cl.read.1.tlog
c:\users\user\source\repos\sorting\sorting\x64\debug\sorting.tlog\cl.write.1.tlog
c:\users\user\source\repos\sorting\sorting\x64\debug\sorting.tlog\link-cvtres.read.1.tlog
c:\users\user\source\repos\sorting\sorting\x64\debug\sorting.tlog\link-cvtres.write.1.tlog
c:\users\user\source\repos\sorting\sorting\x64\debug\sorting.tlog\link-rc.read.1.tlog
c:\users\user\source\repos\sorting\sorting\x64\debug\sorting.tlog\link-rc.write.1.tlog
c:\users\user\source\repos\sorting\sorting\x64\debug\sorting.tlog\link.9124-cvtres.read.1.tlog
c:\users\user\source\repos\sorting\sorting\x64\debug\sorting.tlog\link.9124-cvtres.write.1.tlog
c:\users\user\source\repos\sorting\sorting\x64\debug\sorting.tlog\link.9124-rc.read.1.tlog
c:\users\user\source\repos\sorting\sorting\x64\debug\sorting.tlog\link.9124-rc.write.1.tlog
c:\users\user\source\repos\sorting\sorting\x64\debug\sorting.tlog\link.9124.read.1.tlog
c:\users\user\source\repos\sorting\sorting\x64\debug\sorting.tlog\link.9124.read.3.tlog
c:\users\user\source\repos\sorting\sorting\x64\debug\sorting.tlog\link.9124.write.1.tlog
c:\users\user\source\repos\sorting\sorting\x64\debug\sorting.tlog\link.command.1.tlog
c:\users\user\source\repos\sorting\sorting\x64\debug\sorting.tlog\link.read.1.tlog
c:\users\user\source\repos\sorting\sorting\x64\debug\sorting.tlog\link.read.2.tlog
c:\users\user\source\repos\sorting\sorting\x64\debug\sorting.tlog\link.read.3.tlog
c:\users\user\source\repos\sorting\sorting\x64\debug\sorting.tlog\link.write.1.tlog
